0 info it worked if it ends with ok
1 verbose cli [ 'D:\\soft\\nodejs\\node.exe',
1 verbose cli   'D:\\soft\\nodejs\\node_modules\\npm\\bin\\npm-cli.js',
1 verbose cli   'install' ]
2 info using npm@2.14.20
3 info using node@v4.4.0
4 verbose readDependencies loading dependencies from D:\htmlCss\GIT\KiraBurova.github.io\singolo\package.json
5 warn package.json start_kit@1.0.0 No description
6 warn package.json start_kit@1.0.0 No repository field.
7 warn package.json start_kit@1.0.0 No README data
8 verbose install where, deps [ 'D:\\htmlCss\\GIT\\KiraBurova.github.io\\singolo',
8 verbose install   [ 'browser-sync',
8 verbose install     'gulp',
8 verbose install     'gulp-autoprefixer',
8 verbose install     'gulp-ruby-sass',
8 verbose install     'gulp-spritesmith',
8 verbose install     'gulp-uncss' ] ]
9 verbose install where, peers [ 'D:\\htmlCss\\GIT\\KiraBurova.github.io\\singolo', [] ]
10 verbose installManyTop reading for lifecycle D:\htmlCss\GIT\KiraBurova.github.io\singolo\package.json
11 info preinstall start_kit@1.0.0
12 verbose installManyTop reading scoped package data from D:\htmlCss\GIT\KiraBurova.github.io\singolo\node_modules\browser-sync\package.json
13 verbose installManyTop reading scoped package data from D:\htmlCss\GIT\KiraBurova.github.io\singolo\node_modules\gulp\package.json
14 verbose installManyTop reading scoped package data from D:\htmlCss\GIT\KiraBurova.github.io\singolo\node_modules\gulp-autoprefixer\package.json
15 verbose installManyTop reading scoped package data from D:\htmlCss\GIT\KiraBurova.github.io\singolo\node_modules\gulp-jade\package.json
16 verbose installManyTop reading scoped package data from D:\htmlCss\GIT\KiraBurova.github.io\singolo\node_modules\gulp-prettify\package.json
17 verbose installManyTop reading scoped package data from D:\htmlCss\GIT\KiraBurova.github.io\singolo\node_modules\gulp-ruby-sass\package.json
18 verbose installManyTop reading scoped package data from D:\htmlCss\GIT\KiraBurova.github.io\singolo\node_modules\gulp-uncss\package.json
19 verbose installManyTop reading scoped package data from D:\htmlCss\GIT\KiraBurova.github.io\singolo\node_modules\gulp.spritesmith\package.json
20 verbose installManyTop reading scoped package data from D:\htmlCss\GIT\KiraBurova.github.io\singolo\node_modules\jade\package.json
21 verbose readDependencies loading dependencies from D:\htmlCss\GIT\KiraBurova.github.io\singolo\package.json
22 verbose targetResolver reading package data from D:\htmlCss\GIT\KiraBurova.github.io\singolo\node_modules\browser-sync\package.json
23 verbose targetResolver reading package data from D:\htmlCss\GIT\KiraBurova.github.io\singolo\node_modules\gulp\package.json
24 verbose targetResolver reading package data from D:\htmlCss\GIT\KiraBurova.github.io\singolo\node_modules\gulp-autoprefixer\package.json
25 verbose targetResolver reading package data from D:\htmlCss\GIT\KiraBurova.github.io\singolo\node_modules\gulp-jade\package.json
26 verbose targetResolver reading package data from D:\htmlCss\GIT\KiraBurova.github.io\singolo\node_modules\gulp-prettify\package.json
27 verbose targetResolver reading package data from D:\htmlCss\GIT\KiraBurova.github.io\singolo\node_modules\gulp-ruby-sass\package.json
28 verbose targetResolver reading package data from D:\htmlCss\GIT\KiraBurova.github.io\singolo\node_modules\gulp-uncss\package.json
29 verbose targetResolver reading package data from D:\htmlCss\GIT\KiraBurova.github.io\singolo\node_modules\gulp.spritesmith\package.json
30 verbose targetResolver reading package data from D:\htmlCss\GIT\KiraBurova.github.io\singolo\node_modules\jade\package.json
31 verbose targetResolver reading package data from D:\htmlCss\GIT\KiraBurova.github.io\singolo\node_modules\.bin\browser-sync\package.json
32 verbose targetResolver reading package data from D:\htmlCss\GIT\KiraBurova.github.io\singolo\node_modules\.bin\browser-sync.cmd\package.json
33 verbose targetResolver reading package data from D:\htmlCss\GIT\KiraBurova.github.io\singolo\node_modules\.bin\gulp\package.json
34 verbose targetResolver reading package data from D:\htmlCss\GIT\KiraBurova.github.io\singolo\node_modules\.bin\gulp.cmd\package.json
35 verbose targetResolver reading package data from D:\htmlCss\GIT\KiraBurova.github.io\singolo\node_modules\.bin\jade\package.json
36 verbose targetResolver reading package data from D:\htmlCss\GIT\KiraBurova.github.io\singolo\node_modules\.bin\jade.cmd\package.json
37 verbose already installed skipping gulp-autoprefixer@^3.1.0 D:\htmlCss\GIT\KiraBurova.github.io\singolo
38 silly cache add args [ 'gulp-ruby-sass@^2.2.0', null ]
39 verbose cache add spec gulp-ruby-sass@^2.2.0
40 silly cache add parsed spec Result {
40 silly cache add   raw: 'gulp-ruby-sass@^2.2.0',
40 silly cache add   scope: null,
40 silly cache add   name: 'gulp-ruby-sass',
40 silly cache add   rawSpec: '^2.2.0',
40 silly cache add   spec: '>=2.2.0 <3.0.0',
40 silly cache add   type: 'range' }
41 silly addNamed gulp-ruby-sass@>=2.2.0 <3.0.0
42 verbose addNamed ">=2.2.0 <3.0.0" is a valid semver range for gulp-ruby-sass
43 silly addNameRange { name: 'gulp-ruby-sass',
43 silly addNameRange   range: '>=2.2.0 <3.0.0',
43 silly addNameRange   hasData: false }
44 silly mapToRegistry name gulp-ruby-sass
45 silly mapToRegistry using default registry
46 silly mapToRegistry registry https://registry.npmjs.org/
47 silly mapToRegistry uri https://registry.npmjs.org/gulp-ruby-sass
48 verbose addNameRange registry:https://registry.npmjs.org/gulp-ruby-sass not in flight; fetching
49 silly cache add args [ 'gulp-spritesmith@0.0.2', null ]
50 verbose cache add spec gulp-spritesmith@0.0.2
51 silly cache add parsed spec Result {
51 silly cache add   raw: 'gulp-spritesmith@0.0.2',
51 silly cache add   scope: null,
51 silly cache add   name: 'gulp-spritesmith',
51 silly cache add   rawSpec: '0.0.2',
51 silly cache add   spec: '0.0.2',
51 silly cache add   type: 'version' }
52 silly addNamed gulp-spritesmith@0.0.2
53 verbose addNamed "0.0.2" is a plain semver version for gulp-spritesmith
54 silly mapToRegistry name gulp-spritesmith
55 silly mapToRegistry using default registry
56 silly mapToRegistry registry https://registry.npmjs.org/
57 silly mapToRegistry uri https://registry.npmjs.org/gulp-spritesmith
58 verbose addNameVersion registry:https://registry.npmjs.org/gulp-spritesmith not in flight; fetching
59 verbose already installed skipping gulp-uncss@^1.0.5 D:\htmlCss\GIT\KiraBurova.github.io\singolo
60 verbose already installed skipping browser-sync@^2.11.2 D:\htmlCss\GIT\KiraBurova.github.io\singolo
61 verbose already installed skipping gulp@^3.9.1 D:\htmlCss\GIT\KiraBurova.github.io\singolo
62 verbose request uri https://registry.npmjs.org/gulp-spritesmith
63 verbose request no auth needed
64 info attempt registry request try #1 at 16:45:01
65 verbose request id d29bdc8159033cfb
66 verbose etag "7N1MSYVLHFHIWB3ZJVF65P0VM"
67 http request GET https://registry.npmjs.org/gulp-spritesmith
68 verbose request uri https://registry.npmjs.org/gulp-ruby-sass
69 verbose request no auth needed
70 info attempt registry request try #1 at 16:45:04
71 verbose etag "39H4VOJVWXTKAEE8OVIUGU6LN"
72 http request GET https://registry.npmjs.org/gulp-ruby-sass
73 http 200 https://registry.npmjs.org/gulp-spritesmith
74 verbose headers { server: 'CouchDB/1.5.0 (Erlang OTP/R16B03)',
74 verbose headers   etag: '"4J7FVLL25ZH8GHJW0V0IKBYS3"',
74 verbose headers   'content-type': 'application/json',
74 verbose headers   'content-encoding': 'gzip',
74 verbose headers   'cache-control': 'max-age=300',
74 verbose headers   'content-length': '1678',
74 verbose headers   'accept-ranges': 'bytes',
74 verbose headers   date: 'Mon, 06 Jun 2016 13:45:34 GMT',
74 verbose headers   via: '1.1 varnish',
74 verbose headers   age: '0',
74 verbose headers   connection: 'keep-alive',
74 verbose headers   'x-served-by': 'cache-fra1237-FRA',
74 verbose headers   'x-cache': 'HIT',
74 verbose headers   'x-cache-hits': '1',
74 verbose headers   'x-timer': 'S1465220733.841770,VS0,VE183',
74 verbose headers   vary: 'Accept-Encoding' }
75 silly get cb [ 200,
75 silly get   { server: 'CouchDB/1.5.0 (Erlang OTP/R16B03)',
75 silly get     etag: '"4J7FVLL25ZH8GHJW0V0IKBYS3"',
75 silly get     'content-type': 'application/json',
75 silly get     'content-encoding': 'gzip',
75 silly get     'cache-control': 'max-age=300',
75 silly get     'content-length': '1678',
75 silly get     'accept-ranges': 'bytes',
75 silly get     date: 'Mon, 06 Jun 2016 13:45:34 GMT',
75 silly get     via: '1.1 varnish',
75 silly get     age: '0',
75 silly get     connection: 'keep-alive',
75 silly get     'x-served-by': 'cache-fra1237-FRA',
75 silly get     'x-cache': 'HIT',
75 silly get     'x-cache-hits': '1',
75 silly get     'x-timer': 'S1465220733.841770,VS0,VE183',
75 silly get     vary: 'Accept-Encoding' } ]
76 verbose get saving gulp-spritesmith to C:\Users\Администратор\AppData\Roaming\npm-cache\registry.npmjs.org\gulp-spritesmith\.cache.json
77 verbose correctMkdir C:\Users\Администратор\AppData\Roaming\npm-cache correctMkdir not in flight; initializing
78 http 200 https://registry.npmjs.org/gulp-ruby-sass
79 verbose headers { server: 'CouchDB/1.5.0 (Erlang OTP/R16B03)',
79 verbose headers   etag: '"EAZP3OIG1F2VCOVHOZPE5K5O1"',
79 verbose headers   'content-type': 'application/json',
79 verbose headers   'content-encoding': 'gzip',
79 verbose headers   'cache-control': 'max-age=300',
79 verbose headers   'content-length': '7482',
79 verbose headers   'accept-ranges': 'bytes',
79 verbose headers   date: 'Mon, 06 Jun 2016 13:45:33 GMT',
79 verbose headers   via: '1.1 varnish',
79 verbose headers   age: '83',
79 verbose headers   connection: 'keep-alive',
79 verbose headers   'x-served-by': 'cache-fra1239-FRA',
79 verbose headers   'x-cache': 'HIT',
79 verbose headers   'x-cache-hits': '1',
79 verbose headers   'x-timer': 'S1465220733.950473,VS0,VE0',
79 verbose headers   vary: 'Accept-Encoding' }
80 silly get cb [ 200,
80 silly get   { server: 'CouchDB/1.5.0 (Erlang OTP/R16B03)',
80 silly get     etag: '"EAZP3OIG1F2VCOVHOZPE5K5O1"',
80 silly get     'content-type': 'application/json',
80 silly get     'content-encoding': 'gzip',
80 silly get     'cache-control': 'max-age=300',
80 silly get     'content-length': '7482',
80 silly get     'accept-ranges': 'bytes',
80 silly get     date: 'Mon, 06 Jun 2016 13:45:33 GMT',
80 silly get     via: '1.1 varnish',
80 silly get     age: '83',
80 silly get     connection: 'keep-alive',
80 silly get     'x-served-by': 'cache-fra1239-FRA',
80 silly get     'x-cache': 'HIT',
80 silly get     'x-cache-hits': '1',
80 silly get     'x-timer': 'S1465220733.950473,VS0,VE0',
80 silly get     vary: 'Accept-Encoding' } ]
81 verbose get saving gulp-ruby-sass to C:\Users\Администратор\AppData\Roaming\npm-cache\registry.npmjs.org\gulp-ruby-sass\.cache.json
82 verbose correctMkdir C:\Users\Администратор\AppData\Roaming\npm-cache correctMkdir not in flight; initializing
83 silly mapToRegistry name gulp-spritesmith
84 silly mapToRegistry using default registry
85 silly mapToRegistry registry https://registry.npmjs.org/
86 silly mapToRegistry uri https://registry.npmjs.org/gulp-spritesmith
87 verbose addRemoteTarball https://registry.npmjs.org/gulp-spritesmith/-/gulp-spritesmith-0.0.2.tgz not in flight; adding
88 verbose addRemoteTarball [ 'https://registry.npmjs.org/gulp-spritesmith/-/gulp-spritesmith-0.0.2.tgz',
88 verbose addRemoteTarball   '2248f7c0058348748d2df0597061cecbbd680359' ]
89 silly addNameRange number 2 { name: 'gulp-ruby-sass',
89 silly addNameRange   range: '>=2.2.0 <3.0.0',
89 silly addNameRange   hasData: true }
90 silly addNameRange versions [ 'gulp-ruby-sass',
90 silly addNameRange   [ '0.1.0',
90 silly addNameRange     '0.1.1',
90 silly addNameRange     '0.1.2',
90 silly addNameRange     '0.2.0',
90 silly addNameRange     '0.3.0',
90 silly addNameRange     '0.3.1',
90 silly addNameRange     '0.4.0',
90 silly addNameRange     '0.4.1',
90 silly addNameRange     '0.4.2',
90 silly addNameRange     '0.4.3',
90 silly addNameRange     '0.5.0',
90 silly addNameRange     '0.6.0',
90 silly addNameRange     '0.7.0',
90 silly addNameRange     '0.7.1',
90 silly addNameRange     '1.0.0-alpha',
90 silly addNameRange     '1.0.0-alpha.2',
90 silly addNameRange     '1.0.0-alpha.3',
90 silly addNameRange     '1.0.0',
90 silly addNameRange     '1.0.1',
90 silly addNameRange     '1.0.2',
90 silly addNameRange     '1.0.5',
90 silly addNameRange     '1.1.0',
90 silly addNameRange     '1.2.0',
90 silly addNameRange     '1.3.0',
90 silly addNameRange     '1.4.0',
90 silly addNameRange     '2.0.0',
90 silly addNameRange     '2.0.1',
90 silly addNameRange     '2.0.2',
90 silly addNameRange     '2.0.3',
90 silly addNameRange     '2.0.4',
90 silly addNameRange     '2.0.5',
90 silly addNameRange     '2.0.6' ] ]
91 info retry fetch attempt 1 at 16:45:06
92 info attempt registry request try #1 at 16:45:06
93 http fetch GET https://registry.npmjs.org/gulp-spritesmith/-/gulp-spritesmith-0.0.2.tgz
94 http fetch 200 https://registry.npmjs.org/gulp-spritesmith/-/gulp-spritesmith-0.0.2.tgz
95 silly fetchAndShaCheck shasum 2248f7c0058348748d2df0597061cecbbd680359
96 verbose addTmpTarball C:\Users\836D~1\AppData\Local\Temp\npm-3236-2c09ea2a\registry.npmjs.org\gulp-spritesmith\-\gulp-spritesmith-0.0.2.tgz not in flight; adding
97 verbose addTmpTarball already have metadata; skipping unpack for gulp-spritesmith@0.0.2
98 verbose correctMkdir C:\Users\Администратор\AppData\Roaming\npm-cache correctMkdir not in flight; initializing
99 silly cache afterAdd gulp-spritesmith@0.0.2
100 verbose afterAdd C:\Users\Администратор\AppData\Roaming\npm-cache\gulp-spritesmith\0.0.2\package\package.json not in flight; writing
101 verbose correctMkdir C:\Users\Администратор\AppData\Roaming\npm-cache correctMkdir not in flight; initializing
102 verbose afterAdd C:\Users\Администратор\AppData\Roaming\npm-cache\gulp-spritesmith\0.0.2\package\package.json written
103 verbose stack Error: No compatible version found: gulp-ruby-sass@'>=2.2.0 <3.0.0'
103 verbose stack Valid install targets:
103 verbose stack ["1.0.0-alpha","0.1.0","0.1.1","0.1.2","0.2.0","0.3.0","0.3.1","0.4.0","0.4.1","0.4.2","0.4.3","0.5.0","0.6.0","0.7.0","0.7.1","1.0.0-alpha","1.0.0-alpha.2","1.0.0-alpha.3","1.0.0","1.0.1","1.0.2","1.0.5","1.1.0","1.2.0","1.3.0","1.4.0","2.0.0","2.0.1","2.0.2","2.0.3","2.0.4","2.0.5","2.0.6"]
103 verbose stack
103 verbose stack     at installTargetsError (D:\soft\nodejs\node_modules\npm\lib\cache\add-named.js:284:12)
103 verbose stack     at next (D:\soft\nodejs\node_modules\npm\lib\cache\add-named.js:262:19)
103 verbose stack     at setData (D:\soft\nodejs\node_modules\npm\lib\cache\add-named.js:236:5)
103 verbose stack     at RES (D:\soft\nodejs\node_modules\npm\node_modules\inflight\inflight.js:23:14)
103 verbose stack     at f (D:\soft\nodejs\node_modules\npm\node_modules\once\once.js:17:25)
103 verbose stack     at fixName (D:\soft\nodejs\node_modules\npm\lib\cache\add-named.js:29:5)
103 verbose stack     at saved (D:\soft\nodejs\node_modules\npm\lib\cache\caching-client.js:173:7)
103 verbose stack     at D:\soft\nodejs\node_modules\npm\node_modules\graceful-fs\polyfills.js:210:7
103 verbose stack     at FSReqWrap.oncomplete (fs.js:82:15)
104 verbose cwd D:\htmlCss\GIT\KiraBurova.github.io\singolo
105 error Windows_NT 6.1.7601
106 error argv "D:\\soft\\nodejs\\node.exe" "D:\\soft\\nodejs\\node_modules\\npm\\bin\\npm-cli.js" "install"
107 error node v4.4.0
108 error npm  v2.14.20
109 error code ETARGET
110 error notarget No compatible version found: gulp-ruby-sass@'>=2.2.0 <3.0.0'
110 error notarget Valid install targets:
110 error notarget ["1.0.0-alpha","0.1.0","0.1.1","0.1.2","0.2.0","0.3.0","0.3.1","0.4.0","0.4.1","0.4.2","0.4.3","0.5.0","0.6.0","0.7.0","0.7.1","1.0.0-alpha","1.0.0-alpha.2","1.0.0-alpha.3","1.0.0","1.0.1","1.0.2","1.0.5","1.1.0","1.2.0","1.3.0","1.4.0","2.0.0","2.0.1","2.0.2","2.0.3","2.0.4","2.0.5","2.0.6"]
110 error notarget
110 error notarget This is most likely not a problem with npm itself.
110 error notarget In most cases you or one of your dependencies are requesting
110 error notarget a package version that doesn't exist.
110 error notarget
110 error notarget It was specified as a dependency of 'start_kit'
111 verbose exit [ 1, true ]
